# JRE version: Java(TM) SE Runtime Environment (8.0_321-b07) (build 1.8.0_321-b07)
# Java VM: Java HotSpot(TM) 64-Bit Server VM (25.321-b07 mixed mode windows-amd64 compressed oops)
Heap:
 PSYoungGen      total 79872K, used 9764K [0x0000000775b00000, 0x000000077db00000, 0x00000007c0000000)
  eden space 32768K, 29% used [0x0000000775b00000,0x00000007764511a0,0x0000000777b00000)
  from space 47104K, 0% used [0x000000077aa80000,0x000000077aab8000,0x000000077d880000)
  to   space 48640K, 0% used [0x0000000777b00000,0x0000000777b00000,0x000000077aa80000)
 ParOldGen       total 136192K, used 109201K [0x00000006e1000000, 0x00000006e9500000, 0x0000000775b00000)
  object space 136192K, 80% used [0x00000006e1000000,0x00000006e7aa44a0,0x00000006e9500000)
 Metaspace       used 28115K, capacity 28630K, committed 29056K, reserved 1075200K
  class space    used 3442K, capacity 3617K, committed 3712K, reserved 1048576K
GC Heap History (10 events):
Event: 296.075 GC heap before
{Heap before GC invocations=133 (full 1):
 PSYoungGen      total 60928K, used 57533K [0x0000000775b00000, 0x000000077d880000, 0x00000007c0000000)
  eden space 36352K, 91% used [0x0000000775b00000,0x0000000777b546d8,0x0000000777e80000)
  from space 24576K, 99% used [0x0000000777f00000,0x00000007796db030,0x0000000779700000)
  to   space 46080K, 0% used [0x000000077ab80000,0x000000077ab80000,0x000000077d880000)
 ParOldGen       total 136192K, used 84717K [0x00000006e1000000, 0x00000006e9500000, 0x0000000775b00000)
  object space 136192K, 62% used [0x00000006e1000000,0x00000006e62bb470,0x00000006e9500000)
 Metaspace       used 27457K, capacity 28014K, committed 28288K, reserved 1073152K
  class space    used 3431K, capacity 3611K, committed 3712K, reserved 1048576K
Event: 296.091 GC heap after
Heap after GC invocations=133 (full 1):
 PSYoungGen      total 79360K, used 24428K [0x0000000775b00000, 0x000000077d600000, 0x00000007c0000000)
  eden space 35840K, 0% used [0x0000000775b00000,0x0000000775b00000,0x0000000777e00000)
  from space 43520K, 56% used [0x000000077ab80000,0x000000077c35b030,0x000000077d600000)
  to   space 45056K, 0% used [0x0000000777e00000,0x0000000777e00000,0x000000077aa00000)
 ParOldGen       total 136192K, used 84733K [0x00000006e1000000, 0x00000006e9500000, 0x0000000775b00000)
  object space 136192K, 62% used [0x00000006e1000000,0x00000006e62bf470,0x00000006e9500000)
 Metaspace       used 27457K, capacity 28014K, committed 28288K, reserved 1073152K
  class space    used 3431K, capacity 3611K, committed 3712K, reserved 1048576K
}
Event: 344.960 GC heap before
{Heap before GC invocations=134 (full 1):
 PSYoungGen      total 79360K, used 60268K [0x0000000775b00000, 0x000000077d600000, 0x00000007c0000000)
  eden space 35840K, 100% used [0x0000000775b00000,0x0000000777e00000,0x0000000777e00000)
  from space 43520K, 56% used [0x000000077ab80000,0x000000077c35b030,0x000000077d600000)
  to   space 45056K, 0% used [0x0000000777e00000,0x0000000777e00000,0x000000077aa00000)
 ParOldGen       total 136192K, used 84733K [0x00000006e1000000, 0x00000006e9500000, 0x0000000775b00000)
  object space 136192K, 62% used [0x00000006e1000000,0x00000006e62bf470,0x00000006e9500000)
 Metaspace       used 27703K, capacity 28306K, committed 28544K, reserved 1075200K
  class space    used 3435K, capacity 3615K, committed 3712K, reserved 1048576K
Event: 344.978 GC heap after
Heap after GC invocations=134 (full 1):
 PSYoungGen      total 59904K, used 24492K [0x0000000775b00000, 0x000000077d280000, 0x00000007c0000000)
  eden space 35328K, 0% used [0x0000000775b00000,0x0000000775b00000,0x0000000777d80000)
  from space 24576K, 99% used [0x0000000777e00000,0x00000007795eb030,0x0000000779600000)
  to   space 43520K, 0% used [0x000000077a800000,0x000000077a800000,0x000000077d280000)
 ParOldGen       total 136192K, used 84749K [0x00000006e1000000, 0x00000006e9500000, 0x0000000775b00000)
  object space 136192K, 62% used [0x00000006e1000000,0x00000006e62c3470,0x00000006e9500000)
 Metaspace       used 27703K, capacity 28306K, committed 28544K, reserved 1075200K
  class space    used 3435K, capacity 3615K, committed 3712K, reserved 1048576K
}
Event: 395.034 GC heap before
{Heap before GC invocations=135 (full 1):
 PSYoungGen      total 59904K, used 58733K [0x0000000775b00000, 0x000000077d280000, 0x00000007c0000000)
  eden space 35328K, 96% used [0x0000000775b00000,0x0000000777c705c8,0x0000000777d80000)
  from space 24576K, 99% used [0x0000000777e00000,0x00000007795eb030,0x0000000779600000)
  to   space 43520K, 0% used [0x000000077a800000,0x000000077a800000,0x000000077d280000)
 ParOldGen       total 136192K, used 84749K [0x00000006e1000000, 0x00000006e9500000, 0x0000000775b00000)
  object space 136192K, 62% used [0x00000006e1000000,0x00000006e62c3470,0x00000006e9500000)
 Metaspace       used 27703K, capacity 28306K, committed 28544K, reserved 1075200K
  class space    used 3435K, capacity 3615K, committed 3712K, reserved 1048576K
Event: 395.060 GC heap after
Heap after GC invocations=135 (full 1):
 PSYoungGen      total 78336K, used 32560K [0x0000000775b00000, 0x000000077d300000, 0x00000007c0000000)
  eden space 34816K, 0% used [0x0000000775b00000,0x0000000775b00000,0x0000000777d00000)
  from space 43520K, 74% used [0x000000077a800000,0x000000077c7cc040,0x000000077d280000)
  to   space 44032K, 0% used [0x0000000777d00000,0x0000000777d00000,0x000000077a800000)
 ParOldGen       total 136192K, used 84813K [0x00000006e1000000, 0x00000006e9500000, 0x0000000775b00000)
  object space 136192K, 62% used [0x00000006e1000000,0x00000006e62d3470,0x00000006e9500000)
 Metaspace       used 27703K, capacity 28306K, committed 28544K, reserved 1075200K
  class space    used 3435K, capacity 3615K, committed 3712K, reserved 1048576K
}
Event: 945390.745 GC heap before
{Heap before GC invocations=136 (full 1):
 PSYoungGen      total 78336K, used 67376K [0x0000000775b00000, 0x000000077d300000, 0x00000007c0000000)
  eden space 34816K, 100% used [0x0000000775b00000,0x0000000777d00000,0x0000000777d00000)
  from space 43520K, 74% used [0x000000077a800000,0x000000077c7cc040,0x000000077d280000)
  to   space 44032K, 0% used [0x0000000777d00000,0x0000000777d00000,0x000000077a800000)
 ParOldGen       total 136192K, used 84813K [0x00000006e1000000, 0x00000006e9500000, 0x0000000775b00000)
  object space 136192K, 62% used [0x00000006e1000000,0x00000006e62d3470,0x00000006e9500000)
 Metaspace       used 27914K, capacity 28498K, committed 28800K, reserved 1075200K
  class space    used 3437K, capacity 3615K, committed 3712K, reserved 1048576K
Event: 945390.870 GC heap after
Heap after GC invocations=136 (full 1):
 PSYoungGen      total 78336K, used 192K [0x0000000775b00000, 0x000000077d880000, 0x00000007c0000000)
  eden space 34304K, 0% used [0x0000000775b00000,0x0000000775b00000,0x0000000777c80000)
  from space 44032K, 0% used [0x0000000777d00000,0x0000000777d30000,0x000000077a800000)
  to   space 47104K, 0% used [0x000000077aa80000,0x000000077aa80000,0x000000077d880000)
 ParOldGen       total 136192K, used 109145K [0x00000006e1000000, 0x00000006e9500000, 0x0000000775b00000)
  object space 136192K, 80% used [0x00000006e1000000,0x00000006e7a964a0,0x00000006e9500000)
 Metaspace       used 27914K, capacity 28498K, committed 28800K, reserved 1075200K
  class space    used 3437K, capacity 3615K, committed 3712K, reserved 1048576K
}
Event: 1058167.023 GC heap before
{Heap before GC invocations=137 (full 1):
 PSYoungGen      total 78336K, used 34496K [0x0000000775b00000, 0x000000077d880000, 0x00000007c0000000)
  eden space 34304K, 100% used [0x0000000775b00000,0x0000000777c80000,0x0000000777c80000)
  from space 44032K, 0% used [0x0000000777d00000,0x0000000777d30000,0x000000077a800000)
  to   space 47104K, 0% used [0x000000077aa80000,0x000000077aa80000,0x000000077d880000)
 ParOldGen       total 136192K, used 109145K [0x00000006e1000000, 0x00000006e9500000, 0x0000000775b00000)
  object space 136192K, 80% used [0x00000006e1000000,0x00000006e7a964a0,0x00000006e9500000)
 Metaspace       used 27944K, capacity 28502K, committed 28800K, reserved 1075200K
  class space    used 3439K, capacity 3617K, committed 3712K, reserved 1048576K
Event: 1058167.068 GC heap after
Heap after GC invocations=137 (full 1):
 PSYoungGen      total 79872K, used 224K [0x0000000775b00000, 0x000000077db00000, 0x00000007c0000000)
  eden space 32768K, 0% used [0x0000000775b00000,0x0000000775b00000,0x0000000777b00000)
  from space 47104K, 0% used [0x000000077aa80000,0x000000077aab8000,0x000000077d880000)
  to   space 48640K, 0% used [0x0000000777b00000,0x0000000777b00000,0x000000077aa80000)
 ParOldGen       total 136192K, used 109201K [0x00000006e1000000, 0x00000006e9500000, 0x0000000775b00000)
  object space 136192K, 80% used [0x00000006e1000000,0x00000006e7aa44a0,0x00000006e9500000)
 Metaspace       used 27944K, capacity 28502K, committed 28800K, reserved 1075200K
  class space    used 3439K, capacity 3617K, committed 3712K, reserved 1048576K
}

