<?xml version="1.0" encoding="UTF-8"?>
<!-- Generated by org.testng.reporters.JUnitXMLReporter -->
<testsuite hostname="LTIN253346" ignored="0" name="Default test" tests="30" failures="0" timestamp="17 Mar 2023 09:16:02 GMT" time="555.489" errors="0">
  <testcase name="sikuliTestCase001" time="15.738" classname="com.testcases.framework.RegressionTest14feb"/>
  <testcase name="siKuliTestCase002" time="24.87" classname="com.testcases.framework.RegressionTest14feb"/>
  <testcase name="siKuliTestCase003" time="25.083" classname="com.testcases.framework.RegressionTest14feb"/>
  <testcase name="siKuliTestCase004" time="14.812" classname="com.testcases.framework.RegressionTest14feb"/>
  <testcase name="siKuliTestCase005" time="13.986" classname="com.testcases.framework.RegressionTest14feb"/>
  <testcase name="siKuliTestCase006" time="14.753" classname="com.testcases.framework.RegressionTest14feb"/>
  <testcase name="siKuliTestCase007" time="17.986" classname="com.testcases.framework.RegressionTest14feb"/>
  <testcase name="siKuliTestCase008" time="18.658" classname="com.testcases.framework.RegressionTest14feb"/>
  <testcase name="siKuliTestCase009" time="17.908" classname="com.testcases.framework.RegressionTest14feb"/>
  <testcase name="siKuliTestCase010" time="21.194" classname="com.testcases.framework.RegressionTest14feb"/>
  <testcase name="siKuliTestCase011" time="19.599" classname="com.testcases.framework.RegressionTest14feb"/>
  <testcase name="siKuliTestCase012" time="17.106" classname="com.testcases.framework.RegressionTest14feb"/>
  <testcase name="siKuliTestCase013" time="18.837" classname="com.testcases.framework.RegressionTest14feb"/>
  <testcase name="siKuliTestCase014" time="18.185" classname="com.testcases.framework.RegressionTest14feb"/>
  <testcase name="siKuliTestCase015" time="17.609" classname="com.testcases.framework.RegressionTest14feb"/>
  <testcase name="sikuliTestCase016" time="17.677" classname="com.testcases.framework.RegressionTest14feb"/>
  <testcase name="sikuliTestCase017" time="17.499" classname="com.testcases.framework.RegressionTest14feb"/>
  <testcase name="sikuliTestCase018" time="17.518" classname="com.testcases.framework.RegressionTest14feb"/>
  <testcase name="sikuliTestCase019" time="16.405" classname="com.testcases.framework.RegressionTest14feb"/>
  <testcase name="sikuliTestCase020" time="17.633" classname="com.testcases.framework.RegressionTest14feb"/>
  <testcase name="sikuliTestCase021" time="23.237" classname="com.testcases.framework.RegressionTest14feb"/>
  <testcase name="sikuliTestCase022" time="17.313" classname="com.testcases.framework.RegressionTest14feb"/>
  <testcase name="sikuliTestCase023" time="17.761" classname="com.testcases.framework.RegressionTest14feb"/>
  <testcase name="siKuliTestCase024" time="19.406" classname="com.testcases.framework.RegressionTest14feb"/>
  <testcase name="siKuliTestCase025" time="17.986" classname="com.testcases.framework.RegressionTest14feb"/>
  <testcase name="siKuliTestCase026" time="20.953" classname="com.testcases.framework.RegressionTest14feb"/>
  <testcase name="siKuliTestCase027" time="19.171" classname="com.testcases.framework.RegressionTest14feb"/>
  <testcase name="siKuliTestCase028" time="20.921" classname="com.testcases.framework.RegressionTest14feb"/>
  <testcase name="siKuliTestCase029" time="17.143" classname="com.testcases.framework.RegressionTest14feb"/>
  <testcase name="siKuliTestCase030" time="18.334" classname="com.testcases.framework.RegressionTest14feb"/>
</testsuite> <!-- Default test -->
